<?xml version="1.0" encoding="UTF-8"?>
<testng-results ignored="0" total="4" passed="3" failed="1" skipped="0">
  <reporter-output>
  </reporter-output>
  <suite started-at="2022-12-15T16:41:39 IST" name="Default suite" finished-at="2022-12-15T16:47:25 IST" duration-ms="345498">
    <groups>
    </groups>
    <test started-at="2022-12-15T16:41:39 IST" name="Default test" finished-at="2022-12-15T16:47:25 IST" duration-ms="345498">
      <class name="test.OrderProductTest">
        <test-method is-config="true" signature="beforeMethod()[pri:0, instance:test.OrderProductTest@2ea41516]" started-at="2022-12-15T16:41:39 IST" name="beforeMethod" finished-at="2022-12-15T16:41:52 IST" duration-ms="12552" status="PASS">
          <reporter-output>
          </reporter-output>
        </test-method> <!-- beforeMethod -->
        <test-method signature="verifyOrder()[pri:0, instance:test.OrderProductTest@2ea41516]" started-at="2022-12-15T16:41:52 IST" name="verifyOrder" finished-at="2022-12-15T16:42:01 IST" duration-ms="9565" status="PASS">
          <reporter-output>
          </reporter-output>
        </test-method> <!-- verifyOrder -->
      </class> <!-- test.OrderProductTest -->
      <class name="test.LoginTest">
        <test-method is-config="true" signature="beforeMethod()[pri:0, instance:test.LoginTest@72e5a8e]" started-at="2022-12-15T16:42:02 IST" name="beforeMethod" finished-at="2022-12-15T16:42:12 IST" duration-ms="10925" status="PASS">
          <reporter-output>
          </reporter-output>
        </test-method> <!-- beforeMethod -->
        <test-method signature="verifyLogin()[pri:0, instance:test.LoginTest@72e5a8e]" started-at="2022-12-15T16:42:12 IST" name="verifyLogin" finished-at="2022-12-15T16:42:17 IST" duration-ms="4562" status="PASS">
          <reporter-output>
          </reporter-output>
        </test-method> <!-- verifyLogin -->
        <test-method is-config="true" signature="afterMethod()[pri:0, instance:test.LoginTest@72e5a8e]" started-at="2022-12-15T16:42:17 IST" name="afterMethod" finished-at="2022-12-15T16:42:17 IST" duration-ms="1" status="PASS">
          <reporter-output>
          </reporter-output>
        </test-method> <!-- afterMethod -->
      </class> <!-- test.LoginTest -->
      <class name="test.CheckoutProcessTest">
        <test-method is-config="true" signature="beforeMethod()[pri:0, instance:test.CheckoutProcessTest@53aac487]" started-at="2022-12-15T16:42:17 IST" name="beforeMethod" finished-at="2022-12-15T16:42:43 IST" duration-ms="26243" status="PASS">
          <reporter-output>
          </reporter-output>
        </test-method> <!-- beforeMethod -->
        <test-method signature="verifyCheckoutProcess()[pri:0, instance:test.CheckoutProcessTest@53aac487]" started-at="2022-12-15T16:42:43 IST" name="verifyCheckoutProcess" finished-at="2022-12-15T16:43:36 IST" duration-ms="52590" status="PASS">
          <reporter-output>
          </reporter-output>
        </test-method> <!-- verifyCheckoutProcess -->
      </class> <!-- test.CheckoutProcessTest -->
      <class name="test.CheckoutTest">
        <test-method is-config="true" signature="beforeMethod()[pri:0, instance:test.CheckoutTest@52b1beb6]" started-at="2022-12-15T16:43:36 IST" name="beforeMethod" finished-at="2022-12-15T16:44:00 IST" duration-ms="24613" status="PASS">
          <reporter-output>
          </reporter-output>
        </test-method> <!-- beforeMethod -->
        <test-method signature="verifyCheckout()[pri:0, instance:test.CheckoutTest@52b1beb6]" started-at="2022-12-15T16:44:00 IST" name="verifyCheckout" finished-at="2022-12-15T16:47:25 IST" duration-ms="204281" status="FAIL">
          <exception class="org.openqa.selenium.TimeoutException">
            <message>
              <![CDATA[java.util.concurrent.TimeoutException
Build info: version: '4.4.0', revision: 'e5c75ed026a'
System info: host: 'HDC2-L-70FQHG3', ip: '192.168.29.66', os.name: 'Windows 11', os.arch: 'amd64', os.version: '10.0', java.version: '17.0.5'
Driver info: org.openqa.selenium.chrome.ChromeDriver
Command: [1fcd3109f5b582145790f0e5c9d25af8, findElement {using=id, value=checkout}]
Capabilities {acceptInsecureCerts: false, browserName: chrome, browserVersion: 108.0.5359.100, chrome: {chromedriverVersion: 108.0.5359.71 (1e0e3868ee06..., userDataDir: C:\Users\LAVANY~1.MAN\AppDa...}, goog:chromeOptions: {debuggerAddress: localhost:58729}, networkConnectionEnabled: false, pageLoadStrategy: normal, platformName: WINDOWS, proxy: Proxy(), se:cdp: ws://localhost:58729/devtoo..., se:cdpVersion: 108.0.5359.100, setWindowRect: true, strictFileInteractability: false, timeouts: {implicit: 0, pageLoad: 300000, script: 30000}, unhandledPromptBehavior: dismiss and notify, webauthn:extension:credBlob: true, webauthn:extension:largeBlob: true, webauthn:virtualAuthenticators: true}
Session ID: 1fcd3109f5b582145790f0e5c9d25af8]]>
            </message>
            <full-stacktrace>
              <![CDATA[org.openqa.selenium.TimeoutException: java.util.concurrent.TimeoutException
Build info: version: '4.4.0', revision: 'e5c75ed026a'
System info: host: 'HDC2-L-70FQHG3', ip: '192.168.29.66', os.name: 'Windows 11', os.arch: 'amd64', os.version: '10.0', java.version: '17.0.5'
Driver info: org.openqa.selenium.chrome.ChromeDriver
Command: [1fcd3109f5b582145790f0e5c9d25af8, findElement {using=id, value=checkout}]
Capabilities {acceptInsecureCerts: false, browserName: chrome, browserVersion: 108.0.5359.100, chrome: {chromedriverVersion: 108.0.5359.71 (1e0e3868ee06..., userDataDir: C:\Users\LAVANY~1.MAN\AppDa...}, goog:chromeOptions: {debuggerAddress: localhost:58729}, networkConnectionEnabled: false, pageLoadStrategy: normal, platformName: WINDOWS, proxy: Proxy(), se:cdp: ws://localhost:58729/devtoo..., se:cdpVersion: 108.0.5359.100, setWindowRect: true, strictFileInteractability: false, timeouts: {implicit: 0, pageLoad: 300000, script: 30000}, unhandledPromptBehavior: dismiss and notify, webauthn:extension:credBlob: true, webauthn:extension:largeBlob: true, webauthn:virtualAuthenticators: true}
Session ID: 1fcd3109f5b582145790f0e5c9d25af8
at org.openqa.selenium.remote.http.netty.NettyHttpHandler.makeCall(NettyHttpHandler.java:65)
at org.openqa.selenium.remote.http.AddSeleniumUserAgent.lambda$apply$0(AddSeleniumUserAgent.java:42)
at org.openqa.selenium.remote.http.Filter.lambda$andFinally$1(Filter.java:56)
at org.openqa.selenium.remote.http.netty.NettyHttpHandler.execute(NettyHttpHandler.java:49)
at org.openqa.selenium.remote.http.AddSeleniumUserAgent.lambda$apply$0(AddSeleniumUserAgent.java:42)
at org.openqa.selenium.remote.http.Filter.lambda$andFinally$1(Filter.java:56)
at org.openqa.selenium.remote.http.netty.NettyClient.execute(NettyClient.java:98)
at org.openqa.selenium.remote.HttpCommandExecutor.execute(HttpCommandExecutor.java:181)
at org.openqa.selenium.remote.service.DriverCommandExecutor.invokeExecute(DriverCommandExecutor.java:167)
at org.openqa.selenium.remote.service.DriverCommandExecutor.execute(DriverCommandExecutor.java:142)
at org.openqa.selenium.remote.RemoteWebDriver.execute(RemoteWebDriver.java:547)
at org.openqa.selenium.remote.ElementLocation$ElementFinder$2.findElement(ElementLocation.java:162)
at org.openqa.selenium.remote.ElementLocation.findElement(ElementLocation.java:60)
at org.openqa.selenium.remote.RemoteWebDriver.findElement(RemoteWebDriver.java:365)
at org.openqa.selenium.remote.RemoteWebDriver.findElement(RemoteWebDriver.java:357)
at testCase.demoShopping.doCheckout(demoShopping.java:72)
at test.CheckoutTest.verifyCheckout(CheckoutTest.java:21)
at java.base/jdk.internal.reflect.NativeMethodAccessorImpl.invoke0(Native Method)
at java.base/jdk.internal.reflect.NativeMethodAccessorImpl.invoke(NativeMethodAccessorImpl.java:77)
at java.base/jdk.internal.reflect.DelegatingMethodAccessorImpl.invoke(DelegatingMethodAccessorImpl.java:43)
at java.base/java.lang.reflect.Method.invoke(Method.java:568)
at org.testng.internal.invokers.MethodInvocationHelper.invokeMethod(MethodInvocationHelper.java:135)
at org.testng.internal.invokers.TestInvoker.invokeMethod(TestInvoker.java:673)
at org.testng.internal.invokers.TestInvoker.invokeTestMethod(TestInvoker.java:220)
at org.testng.internal.invokers.MethodRunner.runInSequence(MethodRunner.java:50)
at org.testng.internal.invokers.TestInvoker$MethodInvocationAgent.invoke(TestInvoker.java:945)
at org.testng.internal.invokers.TestInvoker.invokeTestMethods(TestInvoker.java:193)
at org.testng.internal.invokers.TestMethodWorker.invokeTestMethods(TestMethodWorker.java:146)
at org.testng.internal.invokers.TestMethodWorker.run(TestMethodWorker.java:128)
at java.base/java.util.ArrayList.forEach(ArrayList.java:1511)
at org.testng.TestRunner.privateRun(TestRunner.java:808)
at org.testng.TestRunner.run(TestRunner.java:603)
at org.testng.SuiteRunner.runTest(SuiteRunner.java:429)
at org.testng.SuiteRunner.runSequentially(SuiteRunner.java:423)
at org.testng.SuiteRunner.privateRun(SuiteRunner.java:383)
at org.testng.SuiteRunner.run(SuiteRunner.java:326)
at org.testng.SuiteRunnerWorker.runSuite(SuiteRunnerWorker.java:52)
at org.testng.SuiteRunnerWorker.run(SuiteRunnerWorker.java:95)
at org.testng.TestNG.runSuitesSequentially(TestNG.java:1249)
at org.testng.TestNG.runSuitesLocally(TestNG.java:1169)
at org.testng.TestNG.runSuites(TestNG.java:1092)
at org.testng.TestNG.run(TestNG.java:1060)
at org.testng.remote.AbstractRemoteTestNG.run(AbstractRemoteTestNG.java:115)
at org.testng.remote.RemoteTestNG.initAndRun(RemoteTestNG.java:251)
at org.testng.remote.RemoteTestNG.main(RemoteTestNG.java:77)
Caused by: java.util.concurrent.TimeoutException
at java.base/java.util.concurrent.CompletableFuture.timedGet(CompletableFuture.java:1960)
at java.base/java.util.concurrent.CompletableFuture.get(CompletableFuture.java:2095)
at org.asynchttpclient.netty.NettyResponseFuture.get(NettyResponseFuture.java:206)
at org.openqa.selenium.remote.http.netty.NettyHttpHandler.makeCall(NettyHttpHandler.java:59)
... 44 more
]]>
            </full-stacktrace>
          </exception> <!-- org.openqa.selenium.TimeoutException -->
          <reporter-output>
          </reporter-output>
        </test-method> <!-- verifyCheckout -->
      </class> <!-- test.CheckoutTest -->
    </test> <!-- Default test -->
  </suite> <!-- Default suite -->
</testng-results>
